2019-03-19 15:28:03,623 DEBUG [main] devpinoyLogger:45 - File loaded to read
2019-03-19 15:28:03,675 DEBUG [main] devpinoyLogger:45 - File loaded to read
2019-03-19 15:28:03,675 DEBUG [main] devpinoyLogger:45 - File loaded to read
2019-03-19 15:28:10,359 DEBUG [main] devpinoyLogger:63 - Launch Browser
2019-03-19 15:28:58,673 DEBUG [main] devpinoyLogger:70 - Launch URL
2019-03-19 15:28:58,692 DEBUG [main] devpinoyLogger:45 - File loaded to read
2019-03-19 15:29:01,855 DEBUG [main] devpinoyLogger:78 - Screenshot Taken
2019-03-19 15:29:02,391 DEBUG [main] devpinoyLogger:45 - File loaded to read
2019-03-19 15:29:05,524 DEBUG [main] devpinoyLogger:78 - Screenshot Taken
2019-03-19 15:29:18,162 DEBUG [main] devpinoyLogger:63 - Launch Browser
2019-03-19 15:30:34,763 DEBUG [main] devpinoyLogger:63 - Launch Browser
2019-03-19 15:31:55,180 DEBUG [main] devpinoyLogger:63 - Launch Browser
2019-03-19 15:32:35,649 DEBUG [main] devpinoyLogger:70 - Launch URL
2019-03-19 15:32:35,649 DEBUG [main] devpinoyLogger:45 - File loaded to read
2019-03-19 15:32:37,995 DEBUG [main] cache:45 - Couldn't find template in cache for "Extent.ftl"("en_US", UTF-8, parsed); will try to load it.
2019-03-19 15:32:37,997 DEBUG [main] cache:45 - TemplateLoader.findTemplateSource("Extent_en_US.ftl"): Not found
2019-03-19 15:32:38,004 DEBUG [main] cache:45 - TemplateLoader.findTemplateSource("Extent_en.ftl"): Not found
2019-03-19 15:32:38,006 DEBUG [main] cache:45 - TemplateLoader.findTemplateSource("Extent.ftl"): Found
2019-03-19 15:32:38,007 DEBUG [main] cache:45 - Loading template for "Extent.ftl"("en_US", UTF-8, parsed) from "jar:file:/C:/Users/uipl-dev/.m2/repository/com/relevantcodes/extentreports/2.41.2/extentreports-2.41.2.jar!/com/relevantcodes/extentreports/view/Extent.ftl"
2019-03-19 15:32:38,661 DEBUG [main] cache:45 - Couldn't find template in cache for "Extent.ftl"("en_US", UTF-8, parsed); will try to load it.
2019-03-19 15:32:38,662 DEBUG [main] cache:45 - TemplateLoader.findTemplateSource("Extent_en_US.ftl"): Not found
2019-03-19 15:32:38,663 DEBUG [main] cache:45 - TemplateLoader.findTemplateSource("Extent_en.ftl"): Not found
2019-03-19 15:32:38,666 DEBUG [main] cache:45 - TemplateLoader.findTemplateSource("Extent.ftl"): Found
2019-03-19 15:32:38,667 DEBUG [main] cache:45 - Loading template for "Extent.ftl"("en_US", UTF-8, parsed) from "jar:file:/C:/Users/uipl-dev/.m2/repository/com/relevantcodes/extentreports/2.41.2/extentreports-2.41.2.jar!/com/relevantcodes/extentreports/view/Extent.ftl"
